Removed Pin From Net: NetName=key_column_2 Pin=J_Pico_1-2
Removed Pin From Net: NetName=key_column_4 Pin=J_Pico_1-4
Removed Pin From Net: NetName=move_row_1 Pin=J_Pico_1-6
Removed Pin From Net: NetName=move_row_2 Pin=J_Pico_1-7
Removed Pin From Net: NetName=kill_row_3 Pin=J_Pico_2-3
Removed Pin From Net: NetName=kill_row_4 Pin=J_Pico_2-4
Removed Pin From Net: NetName=kill_row_5 Pin=J_Pico_2-5
Removed Pin From Net: NetName=VSYS Pin=J_Pico_2-6
Removed Pin From Net: NetName=EN Pin=J_Pico_2-7
Removed Pin From Net: NetName=AVREF Pin=J_Pico_2-8
Removed Pin From Net: NetName=VCC Pin=J_Pico_3-9
Removed Pin From Net: NetName=VCC Pin=J_Pico_3-10
Removed Pin From Net: NetName=GND Pin=J_Pico_4-9
Removed Pin From Net: NetName=VCC Pin=J_Pico_4-10
Added Pin To Net: NetName=key_column_2 Pin=J_Pico_1-6
Added Pin To Net: NetName=key_column_4 Pin=J_Pico_1-7
Added Pin To Net: NetName=kill_row_3 Pin=J_Pico_2-6
Added Pin To Net: NetName=kill_row_4 Pin=J_Pico_2-7
Added Pin To Net: NetName=kill_row_5 Pin=J_Pico_2-8
Added Pin To Net: NetName=VCC Pin=J_Pico_2-8
Added Pin To Net: NetName=GND Pin=J_Pico_3-2
