Change Component Footprint: Designator=columns_in Old Footprint=61300211121 New Footprint=61300211121
Change Component Footprint: Designator=columns_out Old Footprint=61300211121 New Footprint=61300211121
Change Component Footprint: Designator=rows_in Old Footprint=61300311121 New Footprint=61300311121
Change Component Footprint: Designator=rows_out Old Footprint=61300311121 New Footprint=61300311121
Change Component Footprint: Designator=SW_kill Old Footprint=FP-1-1825910-0-MFG New Footprint=OMRON-B3F-4055_V
Change Component Footprint: Designator=SW_Move Old Footprint=FP-1-1825910-0-MFG New Footprint=OMRON-B3F-4055_V
Change Component Comment : Designator=SW_kill Old Comment=1825910-0 New Comment=B3F-4055
Change Component Comment : Designator=SW_Move Old Comment=1825910-0 New Comment=B3F-4055
Change Managed Component Library Link : Designator=SW_kill Old VaultGUID=B7D15EC3-160A-466F-A46C-7801FE6295A7 New VaultGUID=B7D15EC3-160A-466F-A46C-7801FE6295A7 Old ItemGUID=E22B65D2-7F40-4E8A-BEF5-290939A4304D New ItemGUID=782A579D-C98D-4845-87EA-670D153D2519 Old RevisionGUID=530CE164-51C1-4E32-BE7A-7BE86D09D1F1 New RevisionGUID=38F8BB92-A846-41D2-95EA-45A27B187761
Change Managed Component Library Link : Designator=SW_Move Old VaultGUID=B7D15EC3-160A-466F-A46C-7801FE6295A7 New VaultGUID=B7D15EC3-160A-466F-A46C-7801FE6295A7 Old ItemGUID=E22B65D2-7F40-4E8A-BEF5-290939A4304D New ItemGUID=782A579D-C98D-4845-87EA-670D153D2519 Old RevisionGUID=530CE164-51C1-4E32-BE7A-7BE86D09D1F1 New RevisionGUID=38F8BB92-A846-41D2-95EA-45A27B187761
Change component parameters: Designator = "SW_kill" ("SW_kill"); Footprint = "FP-1-1825910-0-MFG"; UniqueID = "\PMMRQJKP" ("\PMMRQJKP")
Change component parameters (AddParameter): Name = "Actuator Color"; Value = "Orange"; VariantName = "[No Variations]"
Change component parameters (AddParameter): Name = "Actuator Length"; Value = "3mm"; VariantName = "[No Variations]"
Change component parameters (AddParameter): Name = "Actuator Style"; Value = "ProjectedPlunger"; VariantName = "[No Variations]"
Change component parameters (AddParameter): Name = "Base Material"; Value = "N/A"; VariantName = "[No Variations]"
Change component parameters (AddParameter): Name = "Body Orientation"; Value = "Straight"; VariantName = "[No Variations]"
Change component parameters (AddParameter): Name = "Contact Material"; Value = "N/A"; VariantName = "[No Variations]"
Change component parameters (AddParameter): Name = "Contact Plating"; Value = "Gold"; VariantName = "[No Variations]"
Change component parameters (AddParameter): Name = "Contact Rating @ Voltage"; Value = "0.05@24VDCA"; VariantName = "[No Variations]"
Change component parameters (AddParameter): Name = "Datasheet URL"; Value = "https://datasheet.ciiva.com/20148/78-0136-20148640.pdf"; VariantName = "[No Variations]"
Change component parameters (AddParameter): Name = "Datasheet Version"; Value = "06/2009"; VariantName = "[No Variations]"
Change component parameters (AddParameter): Name = "Dielectric Strength"; Value = "500VAC"; VariantName = "[No Variations]"
Change component parameters (AddParameter): Name = "Dimension"; Value = "12x12x7.3mm"; VariantName = "[No Variations]"
Change component parameters (AddParameter): Name = "Electrical Life"; Value = "1000000Cycles"; VariantName = "[No Variations]"
Change component parameters (AddParameter): Name = "Family"; Value = "B3F"; VariantName = "[No Variations]"
Change component parameters (AddParameter): Name = "Ground Terminal"; Value = "No"; VariantName = "[No Variations]"
Change component parameters (AddParameter): Name = "Housing Material"; Value = "N/A"; VariantName = "[No Variations]"
Change component parameters (AddParameter): Name = "Illumination Type"; Value = "N/R"; VariantName = "[No Variations]"
Change component parameters (AddParameter): Name = "Manufacturer"; Value = "OmronElectronics"; VariantName = "[No Variations]"
Change component parameters (AddParameter): Name = "Manufacturer URL"; Value = "http://www.omron.com/"; VariantName = "[No Variations]"
Change component parameters (AddParameter): Name = "Maximum AC Voltage Rating"; Value = "N/A"; VariantName = "[No Variations]"
Change component parameters (AddParameter): Name = "Maximum Contact Resistance"; Value = "100mOhm"; VariantName = "[No Variations]"
Change component parameters (AddParameter): Name = "Maximum DC Voltage Rating"; Value = "24V"; VariantName = "[No Variations]"
Change component parameters (AddParameter): Name = "Mechanical Life"; Value = "N/A"; VariantName = "[No Variations]"
Change component parameters (AddParameter): Name = "Minimum Insulation Resistance"; Value = "100MOhm"; VariantName = "[No Variations]"
Change component parameters (AddParameter): Name = "Mounting"; Value = "ThroughHole,PCPins"; VariantName = "[No Variations]"
Change component parameters (AddParameter): Name = "Mounting Technology"; Value = "ThroughHole"; VariantName = "[No Variations]"
Change component parameters (AddParameter): Name = "Operating Force"; Value = "2.55N"; VariantName = "[No Variations]"
Change component parameters (AddParameter): Name = "Operating Temperature"; Value = "-25to70C"; VariantName = "[No Variations]"
Change component parameters (AddParameter): Name = "Package Description"; Value = "4-Pin Through Hole Device, Body 12 x 12 mm"; VariantName = "[No Variations]"
Change component parameters (AddParameter): Name = "Package Reference"; Value = "B3F-4055"; VariantName = "[No Variations]"
Change component parameters (AddParameter): Name = "Packaging"; Value = "Bag"; VariantName = "[No Variations]"
Change component parameters (AddParameter): Name = "Part No"; Value = "B3F-4055"; VariantName = "[No Variations]"
Change component parameters (AddParameter): Name = "Pole Throw Configuration"; Value = "SPST"; VariantName = "[No Variations]"
Change component parameters (AddParameter): Name = "Product Weight"; Value = "0.85g"; VariantName = "[No Variations]"
Change component parameters (AddParameter): Name = "RoHS"; Value = "Yes"; VariantName = "[No Variations]"
Change component parameters (AddParameter): Name = "Seal Description"; Value = "N/A"; VariantName = "[No Variations]"
Change component parameters (AddParameter): Name = "Seal Location"; Value = "N/A"; VariantName = "[No Variations]"
Change component parameters (AddParameter): Name = "Switch Configuration"; Value = "N.O."; VariantName = "[No Variations]"
Change component parameters (AddParameter): Name = "Type"; Value = "Miniature"; VariantName = "[No Variations]"
Change component parameters: Designator = "SW_Move" ("SW_move"); Footprint = "FP-1-1825910-0-MFG"; UniqueID = "\FSUMEFRV" ("\FSUMEFRV")
Change component parameters (AddParameter): Name = "Actuator Color"; Value = "Orange"; VariantName = "[No Variations]"
Change component parameters (AddParameter): Name = "Actuator Length"; Value = "3mm"; VariantName = "[No Variations]"
Change component parameters (AddParameter): Name = "Actuator Style"; Value = "ProjectedPlunger"; VariantName = "[No Variations]"
Change component parameters (AddParameter): Name = "Base Material"; Value = "N/A"; VariantName = "[No Variations]"
Change component parameters (AddParameter): Name = "Body Orientation"; Value = "Straight"; VariantName = "[No Variations]"
Change component parameters (AddParameter): Name = "Contact Material"; Value = "N/A"; VariantName = "[No Variations]"
Change component parameters (AddParameter): Name = "Contact Plating"; Value = "Gold"; VariantName = "[No Variations]"
Change component parameters (AddParameter): Name = "Contact Rating @ Voltage"; Value = "0.05@24VDCA"; VariantName = "[No Variations]"
Change component parameters (AddParameter): Name = "Datasheet URL"; Value = "https://datasheet.ciiva.com/20148/78-0136-20148640.pdf"; VariantName = "[No Variations]"
Change component parameters (AddParameter): Name = "Datasheet Version"; Value = "06/2009"; VariantName = "[No Variations]"
Change component parameters (AddParameter): Name = "Dielectric Strength"; Value = "500VAC"; VariantName = "[No Variations]"
Change component parameters (AddParameter): Name = "Dimension"; Value = "12x12x7.3mm"; VariantName = "[No Variations]"
Change component parameters (AddParameter): Name = "Electrical Life"; Value = "1000000Cycles"; VariantName = "[No Variations]"
Change component parameters (AddParameter): Name = "Family"; Value = "B3F"; VariantName = "[No Variations]"
Change component parameters (AddParameter): Name = "Ground Terminal"; Value = "No"; VariantName = "[No Variations]"
Change component parameters (AddParameter): Name = "Housing Material"; Value = "N/A"; VariantName = "[No Variations]"
Change component parameters (AddParameter): Name = "Illumination Type"; Value = "N/R"; VariantName = "[No Variations]"
Change component parameters (AddParameter): Name = "Manufacturer"; Value = "OmronElectronics"; VariantName = "[No Variations]"
Change component parameters (AddParameter): Name = "Manufacturer URL"; Value = "http://www.omron.com/"; VariantName = "[No Variations]"
Change component parameters (AddParameter): Name = "Maximum AC Voltage Rating"; Value = "N/A"; VariantName = "[No Variations]"
Change component parameters (AddParameter): Name = "Maximum Contact Resistance"; Value = "100mOhm"; VariantName = "[No Variations]"
Change component parameters (AddParameter): Name = "Maximum DC Voltage Rating"; Value = "24V"; VariantName = "[No Variations]"
Change component parameters (AddParameter): Name = "Mechanical Life"; Value = "N/A"; VariantName = "[No Variations]"
Change component parameters (AddParameter): Name = "Minimum Insulation Resistance"; Value = "100MOhm"; VariantName = "[No Variations]"
Change component parameters (AddParameter): Name = "Mounting"; Value = "ThroughHole,PCPins"; VariantName = "[No Variations]"
Change component parameters (AddParameter): Name = "Mounting Technology"; Value = "ThroughHole"; VariantName = "[No Variations]"
Change component parameters (AddParameter): Name = "Operating Force"; Value = "2.55N"; VariantName = "[No Variations]"
Change component parameters (AddParameter): Name = "Operating Temperature"; Value = "-25to70C"; VariantName = "[No Variations]"
Change component parameters (AddParameter): Name = "Package Description"; Value = "4-Pin Through Hole Device, Body 12 x 12 mm"; VariantName = "[No Variations]"
Change component parameters (AddParameter): Name = "Package Reference"; Value = "B3F-4055"; VariantName = "[No Variations]"
Change component parameters (AddParameter): Name = "Packaging"; Value = "Bag"; VariantName = "[No Variations]"
Change component parameters (AddParameter): Name = "Part No"; Value = "B3F-4055"; VariantName = "[No Variations]"
Change component parameters (AddParameter): Name = "Pole Throw Configuration"; Value = "SPST"; VariantName = "[No Variations]"
Change component parameters (AddParameter): Name = "Product Weight"; Value = "0.85g"; VariantName = "[No Variations]"
Change component parameters (AddParameter): Name = "RoHS"; Value = "Yes"; VariantName = "[No Variations]"
Change component parameters (AddParameter): Name = "Seal Description"; Value = "N/A"; VariantName = "[No Variations]"
Change component parameters (AddParameter): Name = "Seal Location"; Value = "N/A"; VariantName = "[No Variations]"
Change component parameters (AddParameter): Name = "Switch Configuration"; Value = "N.O."; VariantName = "[No Variations]"
Change component parameters (AddParameter): Name = "Type"; Value = "Miniature"; VariantName = "[No Variations]"
