Removed Pin From Net: NetName=key_column_1 Pin=J_Pico_1-1
Removed Pin From Net: NetName=key_column_3 Pin=J_Pico_1-3
Removed Pin From Net: NetName=key_column_5 Pin=J_Pico_1-5
Removed Pin From Net: NetName=key_column_2 Pin=J_Pico_1-6
Removed Pin From Net: NetName=key_column_4 Pin=J_Pico_1-7
Removed Pin From Net: NetName=move_row_3 Pin=J_Pico_1-8
Removed Pin From Net: NetName=move_row_4 Pin=J_Pico_1-9
Removed Pin From Net: NetName=kill_row_1 Pin=J_Pico_2-1
Removed Pin From Net: NetName=kill_row_2 Pin=J_Pico_2-2
Removed Pin From Net: NetName=kill_row_3 Pin=J_Pico_2-6
Removed Pin From Net: NetName=kill_row_4 Pin=J_Pico_2-7
Removed Pin From Net: NetName=3v3 Pin=J_Pico_2-9
Removed Pin From Net: NetName=GND Pin=J_Pico_2-10
Removed Pin From Net: NetName=flag_1 Pin=J_Pico_3-1
Removed Pin From Net: NetName=flag_3 Pin=J_Pico_3-3
Removed Pin From Net: NetName=flag_4 Pin=J_Pico_3-4
Removed Pin From Net: NetName=flag_5 Pin=J_Pico_3-5
Removed Pin From Net: NetName=flag_6 Pin=J_Pico_3-6
Removed Pin From Net: NetName=flag_7 Pin=J_Pico_3-7
Removed Pin From Net: NetName=flag_8 Pin=J_Pico_3-8
Removed Pin From Net: NetName=SDA Pin=J_Pico_4-7
Removed Pin From Net: NetName=SCL Pin=J_Pico_4-8
Added Pin To Net: NetName=kill_row_1 Pin=J_Pico_1-1
Added Pin To Net: NetName=move_row_1 Pin=J_Pico_1-2
Added Pin To Net: NetName=kill_row_2 Pin=J_Pico_1-3
Added Pin To Net: NetName=move_row_2 Pin=J_Pico_1-4
Added Pin To Net: NetName=kill_row_3 Pin=J_Pico_1-5
Added Pin To Net: NetName=move_row_3 Pin=J_Pico_1-6
Added Pin To Net: NetName=kill_row_4 Pin=J_Pico_1-7
Added Pin To Net: NetName=move_row_4 Pin=J_Pico_1-8
Added Pin To Net: NetName=kill_row_5 Pin=J_Pico_1-9
Added Pin To Net: NetName=SDA Pin=J_Pico_2-1
Added Pin To Net: NetName=SCL Pin=J_Pico_2-2
Added Pin To Net: NetName=VSYS Pin=J_Pico_2-3
Added Pin To Net: NetName=EN Pin=J_Pico_2-4
Added Pin To Net: NetName=AVREF Pin=J_Pico_2-5
Added Pin To Net: NetName=3v3 Pin=J_Pico_2-6
Added Pin To Net: NetName=GND Pin=J_Pico_2-7
Added Pin To Net: NetName=key_column_5 Pin=J_Pico_3-1
Added Pin To Net: NetName=flag_1 Pin=J_Pico_3-3
Added Pin To Net: NetName=flag_2 Pin=J_Pico_3-4
Added Pin To Net: NetName=flag_3 Pin=J_Pico_3-5
Added Pin To Net: NetName=flag_4 Pin=J_Pico_3-6
Added Pin To Net: NetName=flag_5 Pin=J_Pico_3-7
Added Pin To Net: NetName=flag_6 Pin=J_Pico_3-8
Added Pin To Net: NetName=flag_7 Pin=J_Pico_3-9
Added Pin To Net: NetName=flag_8 Pin=J_Pico_3-10
Added Pin To Net: NetName=key_column_1 Pin=J_Pico_4-7
Added Pin To Net: NetName=key_column_2 Pin=J_Pico_4-8
Added Pin To Net: NetName=key_column_3 Pin=J_Pico_4-9
Added Pin To Net: NetName=key_column_4 Pin=J_Pico_4-10
