Remove Pin=J_Pico_1-1 From Net=kill_row_1
Remove Pin=J_Pico_1-3 From Net=kill_row_2
Remove Pin=J_Pico_1-5 From Net=kill_row_3
Remove Pin=J_Pico_1-7 From Net=kill_row_4
Remove Pin=J_Pico_1-9 From Net=kill_row_5
Remove Pin=J_Pico_2-1 From Net=SDA
Remove Pin=J_Pico_2-2 From Net=SCL
Remove Pin=J_Pico_3-1 From Net=key_column_5
Remove Pin=J_Pico_4-7 From Net=key_column_1
Remove Pin=J_Pico_4-8 From Net=key_column_2
Remove Pin=J_Pico_4-9 From Net=key_column_3
Remove Pin=J_Pico_4-10 From Net=key_column_4
Add Pin To Net: Pin=J_Pico_1-1 Old Net=kill_row_1 New Net=key_column_1
Add Pin To Net: Pin=J_Pico_1-2 Old Net=move_row_1 New Net=key_column_2
Add Pin To Net: Pin=J_Pico_1-3 Old Net=kill_row_2 New Net=key_column_3
Add Pin To Net: Pin=J_Pico_1-4 Old Net=move_row_2 New Net=key_column_4
Add Pin To Net: Pin=J_Pico_1-5 Old Net=kill_row_3 New Net=key_column_5
Add Pin To Net: Pin=J_Pico_2-1 Old Net=SDA New Net=kill_row_1
Add Pin To Net: Pin=J_Pico_2-2 Old Net=SCL New Net=kill_row_2
Add Pin To Net: Pin=J_Pico_2-3 Old Net=VSYS New Net=kill_row_3
Add Pin To Net: Pin=J_Pico_2-4 Old Net=EN New Net=kill_row_4
Add Pin To Net: Pin=J_Pico_2-5 Old Net=AVREF New Net=kill_row_5
Add Pin To Net: Pin=J_Pico_4-7 Old Net=key_column_1 New Net=SDA
Add Pin To Net: Pin=J_Pico_4-8 Old Net=key_column_2 New Net=SCL
Change Pin Designator/Name:  Old Designator=J_Pico_1-2 Old Name=2 New Designator =6 New Name=6
Change Pin Designator/Name:  Old Designator=J_Pico_1-4 Old Name=4 New Designator =7 New Name=7
Change Pin Designator/Name:  Old Designator=J_Pico_1-6 Old Name=6 New Designator =8 New Name=8
Change Pin Designator/Name:  Old Designator=J_Pico_1-8 Old Name=8 New Designator =9 New Name=9
Change Pin Designator/Name:  Old Designator=J_Pico_2-3 Old Name=3 New Designator =6 New Name=6
Change Pin Designator/Name:  Old Designator=J_Pico_2-4 Old Name=4 New Designator =7 New Name=7
Change Pin Designator/Name:  Old Designator=J_Pico_2-5 Old Name=5 New Designator =8 New Name=8
Change Pin Designator/Name:  Old Designator=J_Pico_2-6 Old Name=6 New Designator =9 New Name=9
Change Pin Designator/Name:  Old Designator=J_Pico_2-7 Old Name=7 New Designator =10 New Name=10
Change Pin Designator/Name:  Old Designator=J_Pico_3-3 Old Name=3 New Designator =1 New Name=1
Change Pin Designator/Name:  Old Designator=J_Pico_3-4 Old Name=4 New Designator =2 New Name=2
Change Pin Designator/Name:  Old Designator=J_Pico_3-5 Old Name=5 New Designator =3 New Name=3
Change Pin Designator/Name:  Old Designator=J_Pico_3-6 Old Name=6 New Designator =4 New Name=4
Change Pin Designator/Name:  Old Designator=J_Pico_3-7 Old Name=7 New Designator =5 New Name=5
Change Pin Designator/Name:  Old Designator=J_Pico_3-8 Old Name=8 New Designator =6 New Name=6
Change Pin Designator/Name:  Old Designator=J_Pico_3-9 Old Name=9 New Designator =7 New Name=7
Change Pin Designator/Name:  Old Designator=J_Pico_3-10 Old Name=10 New Designator =8 New Name=8
